\BOOKMARK [0][-]{chapter.1}{R}{}% 1
\BOOKMARK [1][-]{section.1.1}{Background}{chapter.1}% 2
\BOOKMARK [1][-]{section.1.2}{Learning R}{chapter.1}% 3
\BOOKMARK [1][-]{section.1.3}{Setting up R}{chapter.1}% 4
\BOOKMARK [1][-]{section.1.4}{Using R Markdown}{chapter.1}% 5
\BOOKMARK [1][-]{section.1.5}{Debugging R Code}{chapter.1}% 6
\BOOKMARK [1][-]{section.1.6}{Importing Other Datasets}{chapter.1}% 7
\BOOKMARK [1][-]{section.1.7}{Suggestions for Initial Data Look}{chapter.1}% 8
\BOOKMARK [1][-]{section.1.8}{Operating on Data Frames}{chapter.1}% 9
\BOOKMARK [0][-]{chapter.2}{Algebra Review}{}% 10
\BOOKMARK [1][-]{section.2.1}{Overview}{chapter.2}% 11
\BOOKMARK [1][-]{section.2.2}{Some Resources}{chapter.2}% 12
\BOOKMARK [0][-]{chapter.3}{General Overview of Biostatistics}{}% 13
\BOOKMARK [1][-]{section.3.1}{What is Biostatistics?}{chapter.3}% 14
\BOOKMARK [1][-]{section.3.2}{Types of Data Analysis and Inference}{chapter.3}% 15
\BOOKMARK [1][-]{section.3.3}{Types of Measurements by Their Role in the Study}{chapter.3}% 16
\BOOKMARK [1][-]{section.3.4}{Types of Measurements According to Coding}{chapter.3}% 17
\BOOKMARK [1][-]{section.3.5}{Preprocessing}{chapter.3}% 18
\BOOKMARK [1][-]{section.3.6}{Random Variables}{chapter.3}% 19
\BOOKMARK [0][-]{chapter.4}{Descriptive Statistics, Distributions, and Graphics}{}% 20
\BOOKMARK [1][-]{section.4.1}{Distributions}{chapter.4}% 21
\BOOKMARK [1][-]{section.4.2}{Descriptive Statistics}{chapter.4}% 22
\BOOKMARK [1][-]{section.4.3}{Graphics}{chapter.4}% 23
\BOOKMARK [1][-]{section.4.4}{Tables}{chapter.4}% 24
\BOOKMARK [1][-]{section.4.5}{Bar Plots with Error Bars}{chapter.4}% 25
\BOOKMARK [0][-]{figure.caption.36}{Bibliography}{}% 26
