This is pdfTeX, Version 3.14159265-2.6-1.40.16 (TeX Live 2015) (preloaded format=pdflatex 2015.5.24)  19 OCT 2017 18:38
entering extended mode
 restricted \write18 enabled.
 file:line:error style messages enabled.
 %&-line parsing enabled.
**bbr.tex
(./bbr.tex
LaTeX2e <2015/01/01>
Babel <3.9l> and hyphenation patterns for 79 languages loaded.
(/usr/local/texlive/2015/texmf-dist/tex/latex/base/report.cls
Document Class: report 2014/09/29 v1.4h Standard LaTeX document class
(/usr/local/texlive/2015/texmf-dist/tex/latex/base/size10.clo
File: size10.clo 2014/09/29 v1.4h Standard LaTeX file (size option)
)
\c@part=\count79
\c@chapter=\count80
\c@section=\count81
\c@subsection=\count82
\c@subsubsection=\count83
\c@paragraph=\count84
\c@subparagraph=\count85
\c@figure=\count86
\c@table=\count87
\abovecaptionskip=\skip41
\belowcaptionskip=\skip42
\bibindent=\dimen102
)
(/Users/leenachoi/Library/texmf/tex/hslide.sty
Package: hslide 2016/05/28 Handouts/Slides Compromise Style

(/usr/local/texlive/2015/texmf-dist/tex/latex/xkeyval/xkeyval.sty
Package: xkeyval 2014/12/03 v2.7a package option processing (HA)

(/usr/local/texlive/2015/texmf-dist/tex/generic/xkeyval/xkeyval.tex
(/usr/local/texlive/2015/texmf-dist/tex/generic/xkeyval/xkvutils.tex
\XKV@toks=\toks14
\XKV@tempa@toks=\toks15

(/usr/local/texlive/2015/texmf-dist/tex/generic/xkeyval/keyval.tex))
\XKV@depth=\count88
File: xkeyval.tex 2014/12/03 v2.7a key=value parser (HA)
))
(/usr/local/texlive/2015/texmf-dist/tex/latex/biblatex/biblatex.sty
Package: biblatex 2015/04/19 v3.0 programmable bibliographies (PK/JW/AB)


Package biblatex Warning: No "backend" specified, using Biber backend.
(biblatex)                To use BibTeX, load biblatex with 
(biblatex)                the "backend=bibtex" option.

(/usr/local/texlive/2015/texmf-dist/tex/latex/biblatex/biblatex2.sty
Package: biblatex2 2015/04/19 v3.0 programmable bibliographies (biber) (PK/JW/A
B)

(/usr/local/texlive/2015/texmf-dist/tex/latex/etoolbox/etoolbox.sty
Package: etoolbox 2015/05/04 v2.2 e-TeX tools for LaTeX (JAW)
\etb@tempcnta=\count89
)
(/usr/local/texlive/2015/texmf-dist/tex/latex/oberdiek/kvoptions.sty
Package: kvoptions 2011/06/30 v3.11 Key value format for package options (HO)

(/usr/local/texlive/2015/texmf-dist/tex/generic/oberdiek/ltxcmds.sty
Package: ltxcmds 2011/11/09 v1.22 LaTeX kernel commands for general use (HO)
)
(/usr/local/texlive/2015/texmf-dist/tex/generic/oberdiek/kvsetkeys.sty
Package: kvsetkeys 2012/04/25 v1.16 Key value parser (HO)

(/usr/local/texlive/2015/texmf-dist/tex/generic/oberdiek/infwarerr.sty
Package: infwarerr 2010/04/08 v1.3 Providing info/warning/error messages (HO)
)
(/usr/local/texlive/2015/texmf-dist/tex/generic/oberdiek/etexcmds.sty
Package: etexcmds 2011/02/16 v1.5 Avoid name clashes with e-TeX commands (HO)

(/usr/local/texlive/2015/texmf-dist/tex/generic/oberdiek/ifluatex.sty
Package: ifluatex 2010/03/01 v1.3 Provides the ifluatex switch (HO)
Package ifluatex Info: LuaTeX not detected.
)
Package etexcmds Info: Could not find \expanded.
(etexcmds)             That can mean that you are not using pdfTeX 1.50 or
(etexcmds)             that some package has redefined \expanded.
(etexcmds)             In the latter case, load this package earlier.
)))
(/usr/local/texlive/2015/texmf-dist/tex/latex/logreq/logreq.sty
Package: logreq 2010/08/04 v1.0 xml request logger
\lrq@indent=\count90

(/usr/local/texlive/2015/texmf-dist/tex/latex/logreq/logreq.def
File: logreq.def 2010/08/04 v1.0 logreq spec v1.0
))
(/usr/local/texlive/2015/texmf-dist/tex/latex/base/ifthen.sty
Package: ifthen 2014/09/29 v1.1c Standard LaTeX ifthen package (DPC)
)
(/usr/local/texlive/2015/texmf-dist/tex/latex/url/url.sty
\Urlmuskip=\muskip10
Package: url 2013/09/16  ver 3.4  Verb mode for urls, etc.
)
\c@tabx@nest=\count91
\c@listtotal=\count92
\c@listcount=\count93
\c@liststart=\count94
\c@liststop=\count95
\c@citecount=\count96
\c@citetotal=\count97
\c@multicitecount=\count98
\c@multicitetotal=\count99
\c@instcount=\count100
\c@maxnames=\count101
\c@minnames=\count102
\c@maxitems=\count103
\c@minitems=\count104
\c@citecounter=\count105
\c@savedcitecounter=\count106
\c@uniquelist=\count107
\c@uniquename=\count108
\c@refsection=\count109
\c@refsegment=\count110
\c@maxextratitle=\count111
\c@maxextratitleyear=\count112
\c@maxextrayear=\count113
\c@maxextraalpha=\count114
\c@abbrvpenalty=\count115
\c@highnamepenalty=\count116
\c@lownamepenalty=\count117
\c@maxparens=\count118
\c@parenlevel=\count119
\blx@tempcnta=\count120
\blx@tempcntb=\count121
\blx@tempcntc=\count122
\blx@maxsection=\count123
\blx@maxsegment@0=\count124
\blx@notetype=\count125
\blx@parenlevel@text=\count126
\blx@parenlevel@foot=\count127
\blx@sectionciteorder@0=\count128
\labelnumberwidth=\skip43
\labelalphawidth=\skip44
\biblabelsep=\skip45
\bibitemsep=\skip46
\bibnamesep=\skip47
\bibinitsep=\skip48
\bibparsep=\skip49
\bibhang=\skip50
\blx@bcfin=\read1
\blx@bcfout=\write3
\c@mincomprange=\count129
\c@maxcomprange=\count130
\c@mincompwidth=\count131
Package biblatex Info: Trying to load biblatex default data model...
Package biblatex Info: ... file 'blx-dm.def' found.

(/usr/local/texlive/2015/texmf-dist/tex/latex/biblatex/blx-dm.def)
Package biblatex Info: Trying to load biblatex custom data model...
Package biblatex Info: ... file 'biblatex-dm.cfg' not found.
\c@afterword=\count132
\c@savedafterword=\count133
\c@annotator=\count134
\c@savedannotator=\count135
\c@author=\count136
\c@savedauthor=\count137
\c@bookauthor=\count138
\c@savedbookauthor=\count139
\c@commentator=\count140
\c@savedcommentator=\count141
\c@editor=\count142
\c@savededitor=\count143
\c@editora=\count144
\c@savededitora=\count145
\c@editorb=\count146
\c@savededitorb=\count147
\c@editorc=\count148
\c@savededitorc=\count149
\c@foreword=\count150
\c@savedforeword=\count151
\c@holder=\count152
\c@savedholder=\count153
\c@introduction=\count154
\c@savedintroduction=\count155
\c@namea=\count156
\c@savednamea=\count157
\c@nameb=\count158
\c@savednameb=\count159
\c@namec=\count160
\c@savednamec=\count161
\c@translator=\count162
\c@savedtranslator=\count163
\c@shortauthor=\count164
\c@savedshortauthor=\count165
\c@shorteditor=\count166
\c@savedshorteditor=\count167
\c@labelname=\count168
\c@savedlabelname=\count169
\c@institution=\count170
\c@savedinstitution=\count171
\c@lista=\count172
\c@savedlista=\count173
\c@listb=\count174
\c@savedlistb=\count175
\c@listc=\count176
\c@savedlistc=\count177
\c@listd=\count178
\c@savedlistd=\count179
\c@liste=\count180
\c@savedliste=\count181
\c@listf=\count182
\c@savedlistf=\count183
\c@location=\count184
\c@savedlocation=\count185
\c@organization=\count186
\c@savedorganization=\count187
\c@origlocation=\count188
\c@savedoriglocation=\count189
\c@origpublisher=\count190
\c@savedorigpublisher=\count191
\c@publisher=\count192
\c@savedpublisher=\count193
\c@language=\count194
\c@savedlanguage=\count195
\c@pageref=\count196
\c@savedpageref=\count197
\shorthandwidth=\skip51
\shortjournalwidth=\skip52
\shortserieswidth=\skip53
\shorttitlewidth=\skip54
\shortauthorwidth=\skip55
\shorteditorwidth=\skip56
Package biblatex Info: Trying to load compatibility code...
Package biblatex Info: ... file 'blx-compat.def' found.

(/usr/local/texlive/2015/texmf-dist/tex/latex/biblatex/blx-compat.def
File: blx-compat.def 2015/04/19 v3.0 biblatex compatibility (PK/JW/AB)
)
Package biblatex Info: Trying to load generic definitions...
Package biblatex Info: ... file 'biblatex.def' found.

(/usr/local/texlive/2015/texmf-dist/tex/latex/biblatex/biblatex.def
File: biblatex.def 
\c@textcitecount=\count198
\c@textcitetotal=\count199
\c@textcitemaxnames=\count200
\c@biburlnumpenalty=\count201
\c@biburlucpenalty=\count202
\c@biburllcpenalty=\count203
\c@smartand=\count204
)
Package biblatex Info: Trying to load bibliography style 'numeric'...
Package biblatex Info: ... file 'numeric.bbx' found.

(/usr/local/texlive/2015/texmf-dist/tex/latex/biblatex/bbx/numeric.bbx
File: numeric.bbx 2015/04/19 v3.0 biblatex bibliography style (PK/JW/AB)
Package biblatex Info: Trying to load bibliography style 'standard'...
Package biblatex Info: ... file 'standard.bbx' found.

(/usr/local/texlive/2015/texmf-dist/tex/latex/biblatex/bbx/standard.bbx
File: standard.bbx 2015/04/19 v3.0 biblatex bibliography style (PK/JW/AB)
\c@bbx:relatedcount=\count205
\c@bbx:relatedtotal=\count206
))
Package biblatex Info: Trying to load citation style 'numeric'...
Package biblatex Info: ... file 'numeric.cbx' found.

(/usr/local/texlive/2015/texmf-dist/tex/latex/biblatex/cbx/numeric.cbx
File: numeric.cbx 2015/04/19 v3.0 biblatex citation style (PK/JW/AB)
Package biblatex Info: Redefining '\cite'.
Package biblatex Info: Redefining '\parencite'.
Package biblatex Info: Redefining '\footcite'.
Package biblatex Info: Redefining '\footcitetext'.
Package biblatex Info: Redefining '\smartcite'.
Package biblatex Info: Redefining '\supercite'.
Package biblatex Info: Redefining '\textcite'.
Package biblatex Info: Redefining '\textcites'.
Package biblatex Info: Redefining '\cites'.
Package biblatex Info: Redefining '\parencites'.
Package biblatex Info: Redefining '\smartcites'.
)
Package biblatex Info: Trying to load configuration file...
Package biblatex Info: ... file 'biblatex.cfg' found.

(/usr/local/texlive/2015/texmf-dist/tex/latex/biblatex/biblatex.cfg
File: biblatex.cfg 
)))
(/usr/local/texlive/2015/texmf-dist/tex/latex/lm/lmodern.sty
Package: lmodern 2009/10/30 v1.6 Latin Modern Fonts
LaTeX Font Info:    Overwriting symbol font `operators' in version `normal'
(Font)                  OT1/cmr/m/n --> OT1/lmr/m/n on input line 22.
LaTeX Font Info:    Overwriting symbol font `letters' in version `normal'
(Font)                  OML/cmm/m/it --> OML/lmm/m/it on input line 23.
LaTeX Font Info:    Overwriting symbol font `symbols' in version `normal'
(Font)                  OMS/cmsy/m/n --> OMS/lmsy/m/n on input line 24.
LaTeX Font Info:    Overwriting symbol font `largesymbols' in version `normal'
(Font)                  OMX/cmex/m/n --> OMX/lmex/m/n on input line 25.
LaTeX Font Info:    Overwriting symbol font `operators' in version `bold'
(Font)                  OT1/cmr/bx/n --> OT1/lmr/bx/n on input line 26.
LaTeX Font Info:    Overwriting symbol font `letters' in version `bold'
(Font)                  OML/cmm/b/it --> OML/lmm/b/it on input line 27.
LaTeX Font Info:    Overwriting symbol font `symbols' in version `bold'
(Font)                  OMS/cmsy/b/n --> OMS/lmsy/b/n on input line 28.
LaTeX Font Info:    Overwriting symbol font `largesymbols' in version `bold'
(Font)                  OMX/cmex/m/n --> OMX/lmex/m/n on input line 29.
LaTeX Font Info:    Overwriting math alphabet `\mathbf' in version `normal'
(Font)                  OT1/cmr/bx/n --> OT1/lmr/bx/n on input line 31.
LaTeX Font Info:    Overwriting math alphabet `\mathsf' in version `normal'
(Font)                  OT1/cmss/m/n --> OT1/lmss/m/n on input line 32.
LaTeX Font Info:    Overwriting math alphabet `\mathit' in version `normal'
(Font)                  OT1/cmr/m/it --> OT1/lmr/m/it on input line 33.
LaTeX Font Info:    Overwriting math alphabet `\mathtt' in version `normal'
(Font)                  OT1/cmtt/m/n --> OT1/lmtt/m/n on input line 34.
LaTeX Font Info:    Overwriting math alphabet `\mathbf' in version `bold'
(Font)                  OT1/cmr/bx/n --> OT1/lmr/bx/n on input line 35.
LaTeX Font Info:    Overwriting math alphabet `\mathsf' in version `bold'
(Font)                  OT1/cmss/bx/n --> OT1/lmss/bx/n on input line 36.
LaTeX Font Info:    Overwriting math alphabet `\mathit' in version `bold'
(Font)                  OT1/cmr/bx/it --> OT1/lmr/bx/it on input line 37.
LaTeX Font Info:    Overwriting math alphabet `\mathtt' in version `bold'
(Font)                  OT1/cmtt/m/n --> OT1/lmtt/m/n on input line 38.
)
(/usr/local/texlive/2015/texmf-dist/tex/latex/base/fontenc.sty
Package: fontenc 2005/09/27 v1.99g Standard LaTeX package

(/usr/local/texlive/2015/texmf-dist/tex/latex/base/t1enc.def
File: t1enc.def 2005/09/27 v1.99g Standard LaTeX file
LaTeX Font Info:    Redeclaring font encoding T1 on input line 48.
))
(/usr/local/texlive/2015/texmf-dist/tex/latex/graphics/color.sty
Package: color 2014/10/28 v1.1a Standard LaTeX Color (DPC)

(/usr/local/texlive/2015/texmf-dist/tex/latex/latexconfig/color.cfg
File: color.cfg 2007/01/18 v1.5 color configuration of teTeX/TeXLive
)
Package color Info: Driver file: pdftex.def on input line 142.

(/usr/local/texlive/2015/texmf-dist/tex/latex/pdftex-def/pdftex.def
File: pdftex.def 2011/05/27 v0.06d Graphics/color for pdfTeX
\Gread@gobject=\count207
))
(/usr/local/texlive/2015/texmf-dist/tex/latex/graphics/graphicx.sty
Package: graphicx 2014/10/28 v1.0g Enhanced LaTeX Graphics (DPC,SPQR)

(/usr/local/texlive/2015/texmf-dist/tex/latex/graphics/graphics.sty
Package: graphics 2014/10/28 v1.0p Standard LaTeX Graphics (DPC,SPQR)

(/usr/local/texlive/2015/texmf-dist/tex/latex/graphics/trig.sty
Package: trig 1999/03/16 v1.09 sin cos tan (DPC)
)
(/usr/local/texlive/2015/texmf-dist/tex/latex/latexconfig/graphics.cfg
File: graphics.cfg 2010/04/23 v1.9 graphics configuration of TeX Live
)
Package graphics Info: Driver file: pdftex.def on input line 94.
)
\Gin@req@height=\dimen103
\Gin@req@width=\dimen104
)
(/usr/local/texlive/2015/texmf-dist/tex/latex/caption/caption.sty
Package: caption 2013/05/02 v3.3-89 Customizing captions (AR)

(/usr/local/texlive/2015/texmf-dist/tex/latex/caption/caption3.sty
Package: caption3 2013/05/02 v1.6-88 caption3 kernel (AR)
Package caption3 Info: TeX engine: e-TeX on input line 57.
\captionmargin=\dimen105
\captionmargin@=\dimen106
\captionwidth=\dimen107
\caption@tempdima=\dimen108
\caption@indent=\dimen109
\caption@parindent=\dimen110
\caption@hangindent=\dimen111
)
\c@ContinuedFloat=\count208
)
(/usr/local/texlive/2015/texmf-dist/tex/latex/setspace/setspace.sty
Package: setspace 2011/12/19 v6.7a set line spacing
)
(/usr/local/texlive/2015/texmf-dist/tex/latex/relsize/relsize.sty
Package: relsize 2013/03/29 ver 4.1
)
(/usr/local/texlive/2015/texmf-dist/tex/latex/needspace/needspace.sty
Package: needspace 2010/09/12 v1.3d reserve vertical space
)
(/usr/local/texlive/2015/texmf-dist/tex/latex/enumitem/enumitem.sty
Package: enumitem 2011/09/28 v3.5.2 Customized lists
\enitkv@toks@=\toks16
\labelindent=\skip57
\enit@outerparindent=\dimen112
\enit@toks=\toks17
\enit@inbox=\box26
\enitdp@description=\count209
)
(/usr/local/texlive/2015/texmf-dist/tex/latex/titlesec/titlesec.sty
Package: titlesec 2011/12/15 v2.10.0 Sectioning titles
\ttl@box=\box27
\beforetitleunit=\skip58
\aftertitleunit=\skip59
\ttl@plus=\dimen113
\ttl@minus=\dimen114
\ttl@toksa=\toks18
\titlewidth=\dimen115
\titlewidthlast=\dimen116
\titlewidthfirst=\dimen117
)
(/usr/local/texlive/2015/texmf-dist/tex/latex/titlesec/frame.tss
File: frame.tss 2011/12/15
)
(/usr/local/texlive/2015/texmf-dist/tex/latex/chappg/chappg.sty
Package: chappg 2006/05/09 v2.1b page numbering by chapter number pages by chap
ter (or other unit)
)
(/usr/local/texlive/2015/texmf-dist/tex/latex/geometry/geometry.sty
Package: geometry 2010/09/12 v5.6 Page Geometry

(/usr/local/texlive/2015/texmf-dist/tex/generic/oberdiek/ifpdf.sty
Package: ifpdf 2011/01/30 v2.3 Provides the ifpdf switch (HO)
Package ifpdf Info: pdfTeX in PDF mode is detected.
)
(/usr/local/texlive/2015/texmf-dist/tex/generic/oberdiek/ifvtex.sty
Package: ifvtex 2010/03/01 v1.5 Detect VTeX and its facilities (HO)
Package ifvtex Info: VTeX not detected.
)
(/usr/local/texlive/2015/texmf-dist/tex/generic/ifxetex/ifxetex.sty
Package: ifxetex 2010/09/12 v0.6 Provides ifxetex conditional
)
\Gm@cnth=\count210
\Gm@cntv=\count211
\c@Gm@tempcnt=\count212
\Gm@bindingoffset=\dimen118
\Gm@wd@mp=\dimen119
\Gm@odd@mp=\dimen120
\Gm@even@mp=\dimen121
\Gm@layoutwidth=\dimen122
\Gm@layoutheight=\dimen123
\Gm@layouthoffset=\dimen124
\Gm@layoutvoffset=\dimen125
\Gm@dimlist=\toks19
)
\c@nitemize=\count213
\c@nitem=\count214

(/usr/local/texlive/2015/texmf-dist/tex/latex/hyperref/hyperref.sty
Package: hyperref 2012/11/06 v6.83m Hypertext links for LaTeX

(/usr/local/texlive/2015/texmf-dist/tex/generic/oberdiek/hobsub-hyperref.sty
Package: hobsub-hyperref 2012/05/28 v1.13 Bundle oberdiek, subset hyperref (HO)


(/usr/local/texlive/2015/texmf-dist/tex/generic/oberdiek/hobsub-generic.sty
Package: hobsub-generic 2012/05/28 v1.13 Bundle oberdiek, subset generic (HO)
Package: hobsub 2012/05/28 v1.13 Construct package bundles (HO)
Package hobsub Info: Skipping package `infwarerr' (already loaded).
Package hobsub Info: Skipping package `ltxcmds' (already loaded).
Package hobsub Info: Skipping package `ifluatex' (already loaded).
Package hobsub Info: Skipping package `ifvtex' (already loaded).
Package: intcalc 2007/09/27 v1.1 Expandable calculations with integers (HO)
Package hobsub Info: Skipping package `ifpdf' (already loaded).
Package hobsub Info: Skipping package `etexcmds' (already loaded).
Package hobsub Info: Skipping package `kvsetkeys' (already loaded).
Package: kvdefinekeys 2011/04/07 v1.3 Define keys (HO)
Package: pdftexcmds 2011/11/29 v0.20 Utility functions of pdfTeX for LuaTeX (HO
)
Package pdftexcmds Info: LuaTeX not detected.
Package pdftexcmds Info: \pdf@primitive is available.
Package pdftexcmds Info: \pdf@ifprimitive is available.
Package pdftexcmds Info: \pdfdraftmode found.
Package: pdfescape 2011/11/25 v1.13 Implements pdfTeX's escape features (HO)
Package: bigintcalc 2012/04/08 v1.3 Expandable calculations on big integers (HO
)
Package: bitset 2011/01/30 v1.1 Handle bit-vector datatype (HO)
Package: uniquecounter 2011/01/30 v1.2 Provide unlimited unique counter (HO)
)
Package hobsub Info: Skipping package `hobsub' (already loaded).
Package: letltxmacro 2010/09/02 v1.4 Let assignment for LaTeX macros (HO)
Package: hopatch 2012/05/28 v1.2 Wrapper for package hooks (HO)
Package: xcolor-patch 2011/01/30 xcolor patch
Package: atveryend 2011/06/30 v1.8 Hooks at the very end of document (HO)
Package: atbegshi 2011/10/05 v1.16 At begin shipout hook (HO)
Package: refcount 2011/10/16 v3.4 Data extraction from label references (HO)
Package: hycolor 2011/01/30 v1.7 Color options for hyperref/bookmark (HO)
)
(/usr/local/texlive/2015/texmf-dist/tex/latex/oberdiek/auxhook.sty
Package: auxhook 2011/03/04 v1.3 Hooks for auxiliary files (HO)
)
\@linkdim=\dimen126
\Hy@linkcounter=\count215
\Hy@pagecounter=\count216

(/usr/local/texlive/2015/texmf-dist/tex/latex/hyperref/pd1enc.def
File: pd1enc.def 2012/11/06 v6.83m Hyperref: PDFDocEncoding definition (HO)
)
\Hy@SavedSpaceFactor=\count217

(/usr/local/texlive/2015/texmf-dist/tex/latex/latexconfig/hyperref.cfg
File: hyperref.cfg 2002/06/06 v1.2 hyperref configuration of TeXLive
)
Package hyperref Info: Option `bookmarks' set `true' on input line 4319.
Package hyperref Info: Option `hyperfootnotes' set `false' on input line 4319.
Package hyperref Info: Option `colorlinks' set `true' on input line 4319.
Package hyperref Info: Hyper figures OFF on input line 4443.
Package hyperref Info: Link nesting OFF on input line 4448.
Package hyperref Info: Hyper index ON on input line 4451.
Package hyperref Info: Plain pages OFF on input line 4458.
Package hyperref Info: Backreferencing OFF on input line 4463.
Package hyperref Info: Implicit mode ON; LaTeX internals redefined.
Package hyperref Info: Bookmarks ON on input line 4688.
\c@Hy@tempcnt=\count218
LaTeX Info: Redefining \url on input line 5041.
\XeTeXLinkMargin=\dimen127
\Fld@menulength=\count219
\Field@Width=\dimen128
\Fld@charsize=\dimen129
Package hyperref Info: Hyper figures OFF on input line 6295.
Package hyperref Info: Link nesting OFF on input line 6300.
Package hyperref Info: Hyper index ON on input line 6303.
Package hyperref Info: backreferencing OFF on input line 6310.
Package hyperref Info: Link coloring ON on input line 6313.
Package hyperref Info: Link coloring with OCG OFF on input line 6320.
Package hyperref Info: PDF/A mode OFF on input line 6325.
LaTeX Info: Redefining \ref on input line 6365.
LaTeX Info: Redefining \pageref on input line 6369.
\Hy@abspage=\count220
\c@Item=\count221
)

Package hyperref Message: Driver (autodetected): hpdftex.

(/usr/local/texlive/2015/texmf-dist/tex/latex/hyperref/hpdftex.def
File: hpdftex.def 2012/11/06 v6.83m Hyperref driver for pdfTeX
\Fld@listcount=\count222
\c@bookmark@seq@number=\count223

(/usr/local/texlive/2015/texmf-dist/tex/latex/oberdiek/rerunfilecheck.sty
Package: rerunfilecheck 2011/04/15 v1.7 Rerun checks for auxiliary files (HO)
Package uniquecounter Info: New unique counter `rerunfilecheck' on input line 2
82.
)
\Hy@SectionHShift=\skip60
)
(/usr/local/texlive/2015/texmf-dist/tex/latex/breakurl/breakurl.sty
Package: breakurl 2013/04/10 v1.40 Breakable hyperref URLs


Package breakurl Warning: You are using breakurl while processing via pdflatex.

(breakurl)                \burl will be just a synonym of \url.
(breakurl)                 on input line 48.

)) (/Users/leenachoi/Library/texmf/tex/knitrl.sty
Package: knitrl 2016/02/07 Substitute for Sweave.sty using listings package wit
h relsize

(/usr/local/texlive/2015/texmf-dist/tex/latex/listings/listings.sty
\lst@mode=\count224
\lst@gtempboxa=\box28
\lst@token=\toks20
\lst@length=\count225
\lst@currlwidth=\dimen130
\lst@column=\count226
\lst@pos=\count227
\lst@lostspace=\dimen131
\lst@width=\dimen132
\lst@newlines=\count228
\lst@lineno=\count229
\lst@maxwidth=\dimen133

(/usr/local/texlive/2015/texmf-dist/tex/latex/listings/lstmisc.sty
File: lstmisc.sty 2014/09/06 1.5e (Carsten Heinz)
\c@lstnumber=\count230
\lst@skipnumbers=\count231
\lst@framebox=\box29
)
(/usr/local/texlive/2015/texmf-dist/tex/latex/listings/listings.cfg
File: listings.cfg 2014/09/06 1.5e listings configuration
))
Package: listings 2014/09/06 1.5e (Carsten Heinz)

(/usr/local/texlive/2015/texmf-dist/tex/latex/fancyvrb/fancyvrb.sty
Package: fancyvrb 2008/02/07

Style option: `fancyvrb' v2.7a, with DG/SPQR fixes, and firstline=lastline fix 
<2008/02/07> (tvz)
\FV@CodeLineNo=\count232
\FV@InFile=\read2
\FV@TabBox=\box30
\c@FancyVerbLine=\count233
\FV@StepNumber=\count266
\FV@OutFile=\write4
) (/usr/local/texlive/2015/texmf-dist/tex/latex/ae/ae.sty
Package: ae 2001/02/12 1.3 Almost European Computer Modern

(/usr/local/texlive/2015/texmf-dist/tex/latex/base/fontenc.sty
Package: fontenc 2005/09/27 v1.99g Standard LaTeX package

(/usr/local/texlive/2015/texmf-dist/tex/latex/base/t1enc.def
File: t1enc.def 2005/09/27 v1.99g Standard LaTeX file
LaTeX Font Info:    Redeclaring font encoding T1 on input line 48.
)
LaTeX Font Info:    Try loading font information for T1+aer on input line 105.

(/usr/local/texlive/2015/texmf-dist/tex/latex/ae/t1aer.fd
File: t1aer.fd 1997/11/16 Font definitions for T1/aer.
)))
(/usr/local/texlive/2015/texmf-dist/tex/latex/tools/longtable.sty
Package: longtable 2014/10/28 v4.11 Multi-page Table package (DPC)
\LTleft=\skip61
\LTright=\skip62
\LTpre=\skip63
\LTpost=\skip64
\LTchunksize=\count267
\LTcapwidth=\dimen134
\LT@head=\box31
\LT@firsthead=\box32
\LT@foot=\box33
\LT@lastfoot=\box34
\LT@cols=\count268
\LT@rows=\count269
\c@LT@tables=\count270
\c@LT@chunks=\count271
\LT@p@ftn=\toks21
)
(/usr/local/texlive/2015/texmf-dist/tex/latex/eepic/epic.sty
Enhancements to Picture Environment. Version 1.2 - Released June 1, 1986
\@@multicnt=\count272
\d@lta=\count273
\@delta=\dimen135
\@@delta=\dimen136
\@gridcnt=\count274
\@joinkind=\count275
\@dotgap=\dimen137
\@ddotgap=\dimen138
\@x@diff=\count276
\@y@diff=\count277
\x@diff=\dimen139
\y@diff=\dimen140
\@dotbox=\box35
\num@segments=\count278
\num@segmentsi=\count279
\@datafile=\read3
) (/usr/local/texlive/2015/texmf-dist/tex/latex/booktabs/booktabs.sty
Package: booktabs 2005/04/14 v1.61803 publication quality tables
\heavyrulewidth=\dimen141
\lightrulewidth=\dimen142
\cmidrulewidth=\dimen143
\belowrulesep=\dimen144
\belowbottomsep=\dimen145
\aboverulesep=\dimen146
\abovetopsep=\dimen147
\cmidrulesep=\dimen148
\cmidrulekern=\dimen149
\defaultaddspace=\dimen150
\@cmidla=\count280
\@cmidlb=\count281
\@aboverulesep=\dimen151
\@belowrulesep=\dimen152
\@thisruleclass=\count282
\@lastruleclass=\count283
\@thisrulewidth=\dimen153
)
(/usr/local/texlive/2015/texmf-dist/tex/latex/ctable/ctable.sty
Package: ctable 2014/04/25 v1.29 ctable package for \ flexible typesetting of t
able and figure floats using key/value directives

(/usr/local/texlive/2015/texmf-dist/tex/latex/xcolor/xcolor.sty
Package: xcolor 2007/01/21 v2.11 LaTeX color extensions (UK)

(/usr/local/texlive/2015/texmf-dist/tex/latex/latexconfig/color.cfg
File: color.cfg 2007/01/18 v1.5 color configuration of teTeX/TeXLive
)
Package xcolor Info: Driver file: pdftex.def on input line 225.
LaTeX Info: Redefining \color on input line 702.
Package xcolor Info: Model `cmy' substituted by `cmy0' on input line 1337.
Package xcolor Info: Model `hsb' substituted by `rgb' on input line 1341.
Package xcolor Info: Model `RGB' extended on input line 1353.
Package xcolor Info: Model `HTML' substituted by `rgb' on input line 1355.
Package xcolor Info: Model `Hsb' substituted by `hsb' on input line 1356.
Package xcolor Info: Model `tHsb' substituted by `hsb' on input line 1357.
Package xcolor Info: Model `HSB' substituted by `hsb' on input line 1358.
Package xcolor Info: Model `Gray' substituted by `gray' on input line 1359.
Package xcolor Info: Model `wave' substituted by `hsb' on input line 1360.
)
(/usr/local/texlive/2015/texmf-dist/tex/latex/tools/array.sty
Package: array 2014/10/28 v2.4c Tabular extension package (FMi)
\col@sep=\dimen154
\extrarowheight=\dimen155
\NC@list=\toks22
\extratabsurround=\skip65
\backup@length=\skip66
)
(/usr/local/texlive/2015/texmf-dist/tex/latex/tools/tabularx.sty
Package: tabularx 2014/10/28 v2.10 `tabularx' package (DPC)
\TX@col@width=\dimen156
\TX@old@table=\dimen157
\TX@old@col=\dimen158
\TX@target=\dimen159
\TX@delta=\dimen160
\TX@cols=\count284
\TX@ftn=\toks23
)
(/usr/local/texlive/2015/texmf-dist/tex/latex/rotating/rotating.sty
Package: rotating 2009/03/28 v2.16a rotated objects in LaTeX
\c@r@tfl@t=\count285
\rotFPtop=\skip67
\rotFPbot=\skip68
\rot@float@box=\box36
\rot@mess@toks=\toks24
)
(/usr/local/texlive/2015/texmf-dist/tex/latex/oberdiek/transparent.sty
Package: transparent 2007/01/08 v1.0 Transparency via pdfTeX's color stack (HO)

)
\@ctblframesep=\dimen161
\@defaultctblframesep=\dimen162
\@ctblframerule=\dimen163
\@defaultctblframerule=\dimen164
\@ctblwidth=\dimen165
\@defaultctblwidth=\dimen166
\@ctblcaptionskip=\dimen167
\@defaultctblcaptionskip=\dimen168
\@ctblmaxwidth=\dimen169
\@defaultctblmaxwidth=\dimen170
\@ctblmincapwidth=\dimen171
\@defaultctblmincapwidth=\dimen172
\@ctblfooterwidth=\dimen173
\@defaultctblfooterwidth=\dimen174
\@ctblw=\dimen175
\@ctblfloatwidth=\dimen176
\@ctbloldsep=\dimen177
\@ctbloldrule=\dimen178
\ctbl@t=\box37
\@ctblcurftwidth=\dimen179
)
(/usr/local/texlive/2015/texmf-dist/tex/latex/base/fontenc.sty
Package: fontenc 2005/09/27 v1.99g Standard LaTeX package

(/usr/local/texlive/2015/texmf-dist/tex/latex/base/t1enc.def
File: t1enc.def 2005/09/27 v1.99g Standard LaTeX file
LaTeX Font Info:    Redeclaring font encoding T1 on input line 48.
)))
Package biblatex Info: Trying to load language 'english'...
Package biblatex Info: ... file 'english.lbx' found.

(/usr/local/texlive/2015/texmf-dist/tex/latex/biblatex/lbx/english.lbx
File: english.lbx 2015/04/19 v3.0 biblatex localization (PK/JW/AB)
)
\@quotelevel=\count286
\@quotereset=\count287

(./bbr.aux)
\openout1 = `bbr.aux'.

LaTeX Font Info:    Checking defaults for OML/cmm/m/it on input line 105.
LaTeX Font Info:    ... okay on input line 105.
LaTeX Font Info:    Checking defaults for T1/cmr/m/n on input line 105.
LaTeX Font Info:    ... okay on input line 105.
LaTeX Font Info:    Checking defaults for OT1/cmr/m/n on input line 105.
LaTeX Font Info:    ... okay on input line 105.
LaTeX Font Info:    Checking defaults for OMS/cmsy/m/n on input line 105.
LaTeX Font Info:    ... okay on input line 105.
LaTeX Font Info:    Checking defaults for OMX/cmex/m/n on input line 105.
LaTeX Font Info:    ... okay on input line 105.
LaTeX Font Info:    Checking defaults for U/cmr/m/n on input line 105.
LaTeX Font Info:    ... okay on input line 105.
LaTeX Font Info:    Checking defaults for PD1/pdf/m/n on input line 105.
LaTeX Font Info:    ... okay on input line 105.
LaTeX Font Info:    Try loading font information for T1+aess on input line 105.

 (/usr/local/texlive/2015/texmf-dist/tex/latex/ae/t1aess.fd
File: t1aess.fd 1997/11/16 Font definitions for T1/aess.
)
Package biblatex Info: No input encoding detected.
(biblatex)             Assuming 'ascii'.
Package biblatex Info: Automatic encoding selection.
(biblatex)             Assuming data encoding 'ascii'.
\openout3 = `bbr.bcf'.

Package biblatex Info: Trying to load bibliographic data...
Package biblatex Info: ... file 'bbr.bbl' found.

(./bbr.bbl)
Package biblatex Info: Reference section=0 on input line 105.
Package biblatex Info: Reference segment=0 on input line 105.
 (/usr/local/texlive/2015/texmf-dist/tex/context/base/supp-pdf.mkii
[Loading MPS to PDF converter (version 2006.09.02).]
\scratchcounter=\count288
\scratchdimen=\dimen180
\scratchbox=\box38
\nofMPsegments=\count289
\nofMParguments=\count290
\everyMPshowfont=\toks25
\MPscratchCnt=\count291
\MPscratchDim=\dimen181
\MPnumerator=\count292
\makeMPintoPDFobject=\count293
\everyMPtoPDFconversion=\toks26
) (/usr/local/texlive/2015/texmf-dist/tex/latex/oberdiek/epstopdf-base.sty
Package: epstopdf-base 2010/02/09 v2.5 Base part for package epstopdf

(/usr/local/texlive/2015/texmf-dist/tex/latex/oberdiek/grfext.sty
Package: grfext 2010/08/19 v1.1 Manage graphics extensions (HO)
)
Package grfext Info: Graphics extension search list:
(grfext)             [.pdf,.jpg,.png,.eps]
(grfext)             \AppendGraphicsExtensions on input line 452.

(/usr/local/texlive/2015/texmf-dist/tex/latex/latexconfig/epstopdf-sys.cfg
File: epstopdf-sys.cfg 2010/07/13 v1.3 Configuration of (r)epstopdf for TeX Liv
e
))
Package caption Info: Begin \AtBeginDocument code.
Package caption Info: hyperref package is loaded.
Package caption Info: listings package is loaded.
Package caption Info: longtable package is loaded.

(/usr/local/texlive/2015/texmf-dist/tex/latex/caption/ltcaption.sty
Package: ltcaption 2013/02/03 v1.3-62 longtable captions (AR)
)
Package caption Info: rotating package is loaded.
Package caption Info: End \AtBeginDocument code.

*geometry* driver: auto-detecting
*geometry* detected driver: pdftex
*geometry* verbose mode - [ preamble ] result:
* driver: pdftex
* paper: <default>
* layout: <same size as paper>
* layoutoffset:(h,v)=(0.0pt,0.0pt)
* modes: 
* h-part:(L,W,R)=(54.2025pt, 505.89pt, 54.2025pt)
* v-part:(T,H,B)=(54.2025pt, 686.56499pt, 54.2025pt)
* \paperwidth=614.295pt
* \paperheight=794.96999pt
* \textwidth=505.89pt
* \textheight=686.56499pt
* \oddsidemargin=-18.06749pt
* \evensidemargin=-18.06749pt
* \topmargin=-55.06749pt
* \headheight=12.0pt
* \headsep=25.0pt
* \topskip=10.0pt
* \footskip=30.0pt
* \marginparwidth=65.0pt
* \marginparsep=11.0pt
* \columnsep=10.0pt
* \skip\footins=9.0pt plus 4.0pt minus 2.0pt
* \hoffset=0.0pt
* \voffset=0.0pt
* \mag=1000
* \@twocolumnfalse
* \@twosidefalse
* \@mparswitchfalse
* \@reversemarginfalse
* (1in=72.27pt=25.4mm, 1cm=28.453pt)

\AtBeginShipoutBox=\box39
Package hyperref Info: Link coloring ON on input line 105.
(/usr/local/texlive/2015/texmf-dist/tex/latex/hyperref/nameref.sty
Package: nameref 2012/10/27 v2.43 Cross-referencing by name of section

(/usr/local/texlive/2015/texmf-dist/tex/generic/oberdiek/gettitlestring.sty
Package: gettitlestring 2010/12/03 v1.4 Cleanup title references (HO)
)
\c@section@level=\count294
)
LaTeX Info: Redefining \ref on input line 105.
LaTeX Info: Redefining \pageref on input line 105.
LaTeX Info: Redefining \nameref on input line 105.

(./bbr.out) (./bbr.out)
\@outlinefile=\write5
\openout5 = `bbr.out'.

\c@lstlisting=\count295


LaTeX Font Warning: Font shape `T1/aess/m/sc' undefined
(Font)              using `T1/aess/m/n' instead on input line 143.

LaTeX Font Info:    Try loading font information for T1+aett on input line 149.

(/usr/local/texlive/2015/texmf-dist/tex/latex/ae/t1aett.fd
File: t1aett.fd 1997/11/16 Font definitions for T1/aett.
) [1

{/usr/local/texlive/2015/texmf-var/fonts/map/pdftex/updmap/pdftex.map}] (./bbr.
toc
LaTeX Font Info:    Try loading font information for OT1+lmr on input line 5.

(/usr/local/texlive/2015/texmf-dist/tex/latex/lm/ot1lmr.fd
File: ot1lmr.fd 2009/10/30 v1.6 Font defs for Latin Modern
)
LaTeX Font Info:    Try loading font information for OML+lmm on input line 5.

(/usr/local/texlive/2015/texmf-dist/tex/latex/lm/omllmm.fd
File: omllmm.fd 2009/10/30 v1.6 Font defs for Latin Modern
)
LaTeX Font Info:    Try loading font information for OMS+lmsy on input line 5.

(/usr/local/texlive/2015/texmf-dist/tex/latex/lm/omslmsy.fd
File: omslmsy.fd 2009/10/30 v1.6 Font defs for Latin Modern
)
LaTeX Font Info:    Try loading font information for OMX+lmex on input line 5.

(/usr/local/texlive/2015/texmf-dist/tex/latex/lm/omxlmex.fd
File: omxlmex.fd 2009/10/30 v1.6 Font defs for Latin Modern
)
LaTeX Font Info:    External font `lmex10' loaded for size
(Font)              <10> on input line 5.
LaTeX Font Info:    External font `lmex10' loaded for size
(Font)              <7> on input line 5.
LaTeX Font Info:    External font `lmex10' loaded for size
(Font)              <5> on input line 5.

Overfull \hbox (2.82993pt too wide) detected at line 15
 []\T1/aess/m/n/10 1-10
 []


Overfull \hbox (2.82993pt too wide) detected at line 25
 []\T1/aess/m/n/10 1-15
 []


Overfull \hbox (2.82993pt too wide) detected at line 27
 []\T1/aess/m/n/10 1-16
 []

[2

]
Overfull \hbox (2.82993pt too wide) detected at line 73
 []\T1/aess/m/n/10 4-10
 []


Overfull \hbox (2.82993pt too wide) detected at line 93
 []\T1/aess/m/n/10 4-29
 []


Overfull \hbox (2.82993pt too wide) detected at line 95
 []\T1/aess/m/n/10 4-31
 []

)
\tf@toc=\write6
\openout6 = `bbr.toc'.

LaTeX Font Info:    Font shape `T1/aess/m/it' in size <10> not available
(Font)              Font shape `T1/aess/m/sl' tried instead on input line 260.
 <movie.png, id=151, 128.48pt x 128.48pt>
File: movie.png Graphic file (type png)
 <use movie.png>
Package pdftex.def Info: movie.png used on input line 265.
(pdftex.def)             Requested size: 17.07182pt x 17.07155pt.

<sound.png, id=153, 61.6704pt x 61.6704pt>
File: sound.png Graphic file (type png)
 <use sound.png>
Package pdftex.def Info: sound.png used on input line 268.
(pdftex.def)             Requested size: 17.07182pt x 17.07185pt.
LaTeX Font Info:    External font `lmex10' loaded for size
(Font)              <8> on input line 273.
LaTeX Font Info:    External font `lmex10' loaded for size
(Font)              <6> on input line 273.
 [3 <./movie.png> <./sound.png>] (./R/slide.tex
Chapter 1.
LaTeX Font Info:    External font `lmex10' loaded for size
(Font)              <12> on input line 6.
LaTeX Font Info:    External font `lmex10' loaded for size
(Font)              <14.4> on input line 13.
LaTeX Font Info:    Try loading font information for OMS+aess on input line 22.

LaTeX Font Info:    No file OMSaess.fd. on input line 22.

LaTeX Font Warning: Font shape `OMS/aess/m/n' undefined
(Font)              using `OMS/cmsy/m/n' instead
(Font)              for symbol `textbullet' on input line 22.

[1


] [2]
LaTeX Font Info:    Font shape `T1/aess/m/it' in size <14.4> not available
(Font)              Font shape `T1/aess/m/sl' tried instead on input line 37.

Overfull \hbox (4.16075pt too wide) in paragraph at lines 37--51
[][]$\T1/aett/m/n/14.4 http : / / www . revolutionanalytics . com / r-[]languag
e-[]resources$[][]\T1/aess/m/n/14.4 . Those who have
 []


Overfull \hbox (12.31935pt too wide) in paragraph at lines 37--51
\T1/aett/m/n/14.4 to / 15URiF6$[][]\T1/aess/m/n/14.4 . [][]$\T1/aett/m/n/14.4 h
ttp : / / www . ats . ucla . edu / stat / r$[][] \T1/aess/m/n/14.4 and [][]$\T1
/aett/m/n/14.4 http : / / www . introductoryr .
 []


LaTeX Warning: Reference `sec:repro-software' on page 1-3 undefined on input li
ne 80.

[3

] [4] <R/rstudioOptions.png, id=213, 570.13pt x 368.37625pt>
File: R/rstudioOptions.png Graphic file (type png)

<use R/rstudioOptions.png>
Package pdftex.def Info: R/rstudioOptions.png used on input line 125.
(pdftex.def)             Requested size: 252.94499pt x 163.43507pt.

<R/rstudioSweave.png, id=214, 540.0175pt x 367.3725pt>
File: R/rstudioSweave.png Graphic file (type png)

<use R/rstudioSweave.png>
Package pdftex.def Info: R/rstudioSweave.png used on input line 129.
(pdftex.def)             Requested size: 252.94499pt x 172.07649pt.
 [5

 <./R/rstudioOptions.png>]
(/usr/local/texlive/2015/texmf-dist/tex/latex/listings/lstmisc.sty
File: lstmisc.sty 2014/09/06 1.5e (Carsten Heinz)
\lstFV@gtempboxa=\box40
)
(/usr/local/texlive/2015/texmf-dist/tex/latex/listings/lstlang1.sty
File: lstlang1.sty 2014/09/06 1.5e listings language file
)
(/usr/local/texlive/2015/texmf-dist/tex/latex/listings/lstlang2.sty
File: lstlang2.sty 2014/09/06 1.5e listings language file
)
(/usr/local/texlive/2015/texmf-dist/tex/latex/listings/lstlang3.sty
File: lstlang3.sty 2014/09/06 1.5e listings language file
)
Overfull \hbox (3.8807pt too wide) in paragraph at lines 149--153
\T1/aess/m/n/14.4 You can also point your browser to [][]$\T1/aett/m/n/14.4 htt
ps : / / github . com / harrelfe / rscripts / blob /
 []

[6 <./R/rstudioSweave.png>]
Overfull \hbox (1.11621pt too wide) in paragraph at lines 161--164
\T1/aess/m/n/14.4 See [][]$\T1/aett/m/n/14.4 http : / / kbroman . org / knitr _
 knutshell / pages / Rmarkdown . html$[][] \T1/aess/m/n/14.4 and print the
 []

[7

] [8] [9

] [10

] [11]
Overfull \hbox (19.39893pt too wide) in paragraph at lines 341--342
[]\T1/aess/m/n/14.4 Also see the ex-cel-lent tu-to-rial on im-port-ing from Ex-
cel found at [][]$\T1/aett/m/n/14.4 http : / / www . r-[]bloggers .
 []

[12] [13] [14] [15

]) (./algebra.tex [16

]
Chapter 2.
[1

] [2] [3]) (./overview.tex [4

]
Chapter 3.

Underfull \hbox (badness 10000) in paragraph at lines 7--7
[][]\T1/aess/m/n/10 Christie As-chwan-den,
 []

[1

] [2

] [3] [4

]

LaTeX Warning: Reference `fig:info-thresholds' on page 3-5 undefined on input l
ine 102.


LaTeX Warning: Reference `pg:info-gia14opt' on page 3-5 undefined on input line
 103.


LaTeX Warning: Reference `pg:info-fed09con' on page 3-5 undefined on input line
 104.

[5

]

LaTeX Warning: Reference `pg:change-anova' on page 3-6 undefined on input line 
107.


LaTeX Warning: Reference `fig:change-suppcr' on page 3-6 undefined on input lin
e 111.

[6] [7

] [8

]) (./descript/slide.tex [9

]
Chapter 4.

Underfull \hbox (badness 10000) in paragraph at lines 11--13

 []

LaTeX Font Info:    Font shape `T1/aess/m/it' in size <8> not available
(Font)              Font shape `T1/aess/m/sl' tried instead on input line 26.
[1

] <descript/descript-pdfcdf-1.pdf, id=537, 433.62pt x 216.81pt>
File: descript/descript-pdfcdf-1.pdf Graphic file (type pdf)

<use descript/descript-pdfcdf-1.pdf>
Package pdftex.def Info: descript/descript-pdfcdf-1.pdf used on input line 68.
(pdftex.def)             Requested size: 433.61894pt x 216.80946pt.
 [2]
<descript/descript-normalhist-1.pdf, id=551, 289.08pt x 216.81pt>
File: descript/descript-normalhist-1.pdf Graphic file (type pdf)

<use descript/descript-normalhist-1.pdf>
Package pdftex.def Info: descript/descript-normalhist-1.pdf used on input line 
83.
(pdftex.def)             Requested size: 289.07928pt x 216.80946pt.

<descript/descript-bimode-1.pdf, id=553, 289.08pt x 216.81pt>
File: descript/descript-bimode-1.pdf Graphic file (type pdf)

<use descript/descript-bimode-1.pdf>
Package pdftex.def Info: descript/descript-bimode-1.pdf used on input line 99.
(pdftex.def)             Requested size: 289.07928pt x 216.80946pt.
 [3 <./descript/descript-pdfcdf-1.pdf> <./descript/descript-normalhist-1.pdf>]
<descript/descript-orda-1.pdf, id=583, 289.08pt x 216.81pt>
File: descript/descript-orda-1.pdf Graphic file (type pdf)

<use descript/descript-orda-1.pdf>
Package pdftex.def Info: descript/descript-orda-1.pdf used on input line 127.
(pdftex.def)             Requested size: 289.07928pt x 216.80946pt.
 [4 <./descript/descript-bimode-1.pdf>]
<descript/descript-ordb-1.pdf, id=602, 289.08pt x 216.81pt>
File: descript/descript-ordb-1.pdf Graphic file (type pdf)

<use descript/descript-ordb-1.pdf>
Package pdftex.def Info: descript/descript-ordb-1.pdf used on input line 141.
(pdftex.def)             Requested size: 289.07928pt x 216.80946pt.

<descript/descript-ordc-1.pdf, id=606, 289.08pt x 216.81pt>
File: descript/descript-ordc-1.pdf Graphic file (type pdf)

<use descript/descript-ordc-1.pdf>
Package pdftex.def Info: descript/descript-ordc-1.pdf used on input line 159.
(pdftex.def)             Requested size: 289.07928pt x 216.80946pt.
 [5 <./descript/descript-orda-1.pdf> <./descript/descript-ordb-1.pdf>] [6 <./de
script/descript-ordc-1.pdf>]
Underfull \hbox (badness 10000) in paragraph at lines 184--188

 []

[7


]
Underfull \hbox (badness 10000) in paragraph at lines 215--217

 []

[8] [9]
Overfull \hbox (18.4819pt too wide) in paragraph at lines 253--258
\T1/aess/m/n/14.4 in-for-ma-tion may be found at [][]$\T1/aett/m/n/14.4 http : 
/ / biostat . mc . vanderbilt . edu / StatGraphCourse$[][]\T1/aess/m/n/14.4 ,
 []

[10


] <descript/descript-spaghetti-1.pdf, id=684, 505.89pt x 361.35pt>
File: descript/descript-spaghetti-1.pdf Graphic file (type pdf)

<use descript/descript-spaghetti-1.pdf>
Package pdftex.def Info: descript/descript-spaghetti-1.pdf used on input line 3
13.
(pdftex.def)             Requested size: 505.88875pt x 361.34912pt.
 [11] [12 <./descript/descript-spaghetti-1.pdf>]
<descript/descript-counts-dotchart-1.pdf, id=711, 289.08pt x 216.81pt>
File: descript/descript-counts-dotchart-1.pdf Graphic file (type pdf)

<use descript/descript-counts-dotchart-1.pdf>
Package pdftex.def Info: descript/descript-counts-dotchart-1.pdf used on input 
line 355.
(pdftex.def)             Requested size: 289.07928pt x 216.80946pt.

<slinks/desc-proportions-txreg.pdf, id=712, 505.89pt x 325.215pt>
File: slinks/desc-proportions-txreg.pdf Graphic file (type pdf)

<use slinks/desc-proportions-txreg.pdf>
Package pdftex.def Info: slinks/desc-proportions-txreg.pdf used on input line 3
62.
(pdftex.def)             Requested size: 505.88875pt x 325.2142pt.

<slinks/aevents.pdf, id=713, 505.89pt x 433.62pt>
File: slinks/aevents.pdf Graphic file (type pdf)
 <use slinks/aevents.pdf>
Package pdftex.def Info: slinks/aevents.pdf used on input line 367.
(pdftex.def)             Requested size: 505.88875pt x 433.61894pt.

[13 <./descript/descript-counts-dotchart-1.pdf>] [14 <./slinks/desc-proportions
-txreg.pdf>] [15 <./slinks/aevents.pdf>]
<descript/descript-pH-1.pdf, id=768, 361.35pt x 289.08pt>
File: descript/descript-pH-1.pdf Graphic file (type pdf)

<use descript/descript-pH-1.pdf>
Package pdftex.def Info: descript/descript-pH-1.pdf used on input line 409.
(pdftex.def)             Requested size: 361.34912pt x 289.07928pt.

<descript/descript-pHh2-1.pdf, id=770, 397.485pt x 325.215pt>
File: descript/descript-pHh2-1.pdf Graphic file (type pdf)

<use descript/descript-pHh2-1.pdf>
Package pdftex.def Info: descript/descript-pHh2-1.pdf used on input line 439.
(pdftex.def)             Requested size: 397.48402pt x 325.2142pt.
 [16] [17 <./descript/descript-pH-1.pdf> <./descript/descript-pHh2-1.pdf>]
<descript/descript-ecdf-1.pdf, id=855, 433.62pt x 325.215pt>
File: descript/descript-ecdf-1.pdf Graphic file (type pdf)

<use descript/descript-ecdf-1.pdf>
Package pdftex.def Info: descript/descript-ecdf-1.pdf used on input line 465.
(pdftex.def)             Requested size: 433.61894pt x 325.2142pt.
LaTeX Font Info:    External font `lmex10' loaded for size
(Font)              <9> on input line 467.
 [18 <./descript/descript-ecdf-1.pdf>]
<descript/descript-bwplot-1.pdf, id=880, 361.35pt x 234.8775pt>
File: descript/descript-bwplot-1.pdf Graphic file (type pdf)

<use descript/descript-bwplot-1.pdf>
Package pdftex.def Info: descript/descript-bwplot-1.pdf used on input line 482.

(pdftex.def)             Requested size: 361.34912pt x 234.87692pt.

<descript/descript-bpplt-1.pdf, id=883, 397.485pt x 271.0125pt>
File: descript/descript-bpplt-1.pdf Graphic file (type pdf)

<use descript/descript-bpplt-1.pdf>
Package pdftex.def Info: descript/descript-bpplt-1.pdf used on input line 496.
(pdftex.def)             Requested size: 397.48402pt x 271.01183pt.

<descript/descript-glybox-1.pdf, id=885, 433.62pt x 361.35pt>
File: descript/descript-glybox-1.pdf Graphic file (type pdf)

<use descript/descript-glybox-1.pdf>
Package pdftex.def Info: descript/descript-glybox-1.pdf used on input line 513.

(pdftex.def)             Requested size: 433.61894pt x 361.34912pt.

<slinks/cchem-byx-cont-a.pdf, id=886, 505.89pt x 397.485pt>
File: slinks/cchem-byx-cont-a.pdf Graphic file (type pdf)

<use slinks/cchem-byx-cont-a.pdf>
Package pdftex.def Info: slinks/cchem-byx-cont-a.pdf used on input line 529.
(pdftex.def)             Requested size: 505.88875pt x 397.48402pt.
 [19 <./descript/descript-bwplot-1.pdf>]
[20 <./descript/descript-bpplt-1.pdf>] [21 <./descript/descript-glybox-1.pdf>]
[22 <./slinks/cchem-byx-cont-a.pdf>]
<descript/descript-cldif-1.pdf, id=966, 289.08pt x 216.81pt>
File: descript/descript-cldif-1.pdf Graphic file (type pdf)

<use descript/descript-cldif-1.pdf>
Package pdftex.def Info: descript/descript-cldif-1.pdf used on input line 581.
(pdftex.def)             Requested size: 289.07928pt x 216.80946pt.
 [23 <./descript/descript-cldif-1.pdf>]
LaTeX Font Info:    Try loading font information for T1+phv on input line 656.

(/usr/local/texlive/2015/texmf-dist/tex/latex/psnfss/t1phv.fd
File: t1phv.fd 2001/06/04 scalable font definitions for T1/phv.
) [24]

LaTeX Font Warning: Font shape `T1/aett/bx/n' undefined
(Font)              using `T1/aett/m/n' instead on input line 702.

LaTeX Font Info:    Font shape `T1/aess/m/it' in size <9> not available
(Font)              Font shape `T1/aess/m/sl' tried instead on input line 708.
<descript/descript-rmsa-1.pdf, id=1016, 578.16pt x 361.35pt>
File: descript/descript-rmsa-1.pdf Graphic file (type pdf)

<use descript/descript-rmsa-1.pdf>
Package pdftex.def Info: descript/descript-rmsa-1.pdf used on input line 729.
(pdftex.def)             Requested size: 578.15858pt x 361.34912pt.

Overfull \hbox (73.43092pt too wide) in paragraph at lines 734--739
\T1/aett/m/n/14.4 stackexchange . com / questions / 155430 / clarifications-[]r
egarding-[]reading-[]a-[]nomogram$[][]
 []

<descript/descript-rmsb-1.pdf, id=1021, 505.89pt x 216.81pt>
File: descript/descript-rmsb-1.pdf Graphic file (type pdf)

<use descript/descript-rmsb-1.pdf>
Package pdftex.def Info: descript/descript-rmsb-1.pdf used on input line 744.
(pdftex.def)             Requested size: 505.88875pt x 216.80946pt.

<descript/descript-rmsc-1.pdf, id=1023, 361.35pt x 361.35pt>
File: descript/descript-rmsc-1.pdf Graphic file (type pdf)

<use descript/descript-rmsc-1.pdf>
Package pdftex.def Info: descript/descript-rmsc-1.pdf used on input line 755.
(pdftex.def)             Requested size: 361.34912pt x 361.34912pt.
LaTeX Font Info:    External font `lmex10' loaded for size
(Font)              <17.28> on input line 761.
 [25] [26 <./descript/descript-rmsa-1.pdf> <./descript/descript-rmsb-1.pdf>] [2
7 <./descript/descript-rmsc-1.pdf>]

./descript/slide.tex:768: LaTeX Error: File `image-sepsis' not found.

See the LaTeX manual or LaTeX Companion for explanation.
Type  H <return>  for immediate help.
 ...                                              
                                                  
l.768 ...aphics[width=.9\textwidth]{image-sepsis}}
                                                  
? 

./descript/slide.tex:774: LaTeX Error: File `image-stroke' not found.

See the LaTeX manual or LaTeX Companion for explanation.
Type  H <return>  for immediate help.
 ...                                              
                                                  
l.774 ...aphics[width=.9\textwidth]{image-stroke}}
                                                  
? 
[28]
Underfull \hbox (badness 10000) in paragraph at lines 846--848

 []


LaTeX Warning: `!h' float specifier changed to `!ht'.

[29


] [30] <descript/descript-dynamite-1.pdf, id=1101, 397.485pt x 216.81pt>
File: descript/descript-dynamite-1.pdf Graphic file (type pdf)

<use descript/descript-dynamite-1.pdf>
Package pdftex.def Info: descript/descript-dynamite-1.pdf used on input line 87
8.
(pdftex.def)             Requested size: 397.48402pt x 216.80946pt.
 [31


 <./descript/descript-dynamite-1.pdf>] <descript/descript-tplot-1.pdf, id=1125,
 433.62pt x 144.54pt>
File: descript/descript-tplot-1.pdf Graphic file (type pdf)

<use descript/descript-tplot-1.pdf>
Package pdftex.def Info: descript/descript-tplot-1.pdf used on input line 908.
(pdftex.def)             Requested size: 433.61894pt x 144.53963pt.

<descript/descript-vplot-1.pdf, id=1126, 433.62pt x 180.675pt>
File: descript/descript-vplot-1.pdf Graphic file (type pdf)

<use descript/descript-vplot-1.pdf>
Package pdftex.def Info: descript/descript-vplot-1.pdf used on input line 926.
(pdftex.def)             Requested size: 433.61894pt x 180.67455pt.
) [32 <./descript/descript-tplot-1.pdf>]
[33 <./descript/descript-vplot-1.pdf>]
Package atveryend Info: Empty hook `BeforeClearDocument' on input line 360.
 [1


]
Package atveryend Info: Empty hook `AfterLastShipout' on input line 360.
 (./bbr.aux)
Package atveryend Info: Executing hook `AtVeryEndDocument' on input line 360.
Package atveryend Info: Executing hook `AtEndAfterFileList' on input line 360.
Package rerunfilecheck Info: File `bbr.out' has not changed.
(rerunfilecheck)             Checksum: 821D337879F9DB6F5F414A06C6529662;1694.


LaTeX Font Warning: Some font shapes were not available, defaults substituted.


LaTeX Warning: There were undefined references.

Package logreq Info: Writing requests to 'bbr.run.xml'.
\openout1 = `bbr.run.xml'.

 ) 
Here is how much of TeX's memory you used:
 17885 strings out of 493089
 282396 string characters out of 6134842
 840317 words of memory out of 5000000
 20423 multiletter control sequences out of 15000+600000
 103552 words of font info for 168 fonts, out of 8000000 for 9000
 1141 hyphenation exceptions out of 8191
 60i,11n,95p,1128b,1970s stack positions out of 5000i,500n,10000p,200000b,80000s
{/usr/local/texlive/2015/texmf-dist/fonts/enc/dvips/lm/lm-mathit.enc}{/usr/lo
cal/texlive/2015/texmf-dist/fonts/enc/dvips/lm/lm-rm.enc}{/usr/local/texlive/20
15/texmf-dist/fonts/enc/dvips/base/8r.enc}{/usr/local/texlive/2015/texmf-dist/f
onts/enc/dvips/lm/lm-mathsy.enc}{/usr/local/texlive/2015/texmf-dist/fonts/enc/d
vips/lm/lm-mathex.enc}</usr/local/texlive/2015/texmf-dist/fonts/type1/public/am
sfonts/cm/cmitt10.pfb></usr/local/texlive/2015/texmf-dist/fonts/type1/public/am
sfonts/cm/cmmi9.pfb></usr/local/texlive/2015/texmf-dist/fonts/type1/public/amsf
onts/cm/cmr12.pfb></usr/local/texlive/2015/texmf-dist/fonts/type1/public/amsfon
ts/cm/cmr9.pfb></usr/local/texlive/2015/texmf-dist/fonts/type1/public/amsfonts/
cm/cmss10.pfb></usr/local/texlive/2015/texmf-dist/fonts/type1/public/amsfonts/c
m/cmss12.pfb></usr/local/texlive/2015/texmf-dist/fonts/type1/public/amsfonts/cm
/cmss17.pfb></usr/local/texlive/2015/texmf-dist/fonts/type1/public/amsfonts/cm/
cmss8.pfb></usr/local/texlive/2015/texmf-dist/fonts/type1/public/amsfonts/cm/cm
ss9.pfb></usr/local/texlive/2015/texmf-dist/fonts/type1/public/amsfonts/cm/cmss
bx10.pfb></usr/local/texlive/2015/texmf-dist/fonts/type1/public/amsfonts/cm/cms
si10.pfb></usr/local/texlive/2015/texmf-dist/fonts/type1/public/amsfonts/cm/cms
si12.pfb></usr/local/texlive/2015/texmf-dist/fonts/type1/public/amsfonts/cm/cms
si8.pfb></usr/local/texlive/2015/texmf-dist/fonts/type1/public/amsfonts/cm/cmss
i9.pfb></usr/local/texlive/2015/texmf-dist/fonts/type1/public/amsfonts/cm/cmsy1
0.pfb></usr/local/texlive/2015/texmf-dist/fonts/type1/public/amsfonts/cm/cmtt10
.pfb></usr/local/texlive/2015/texmf-dist/fonts/type1/public/amsfonts/cm/cmtt12.
pfb></usr/local/texlive/2015/texmf-dist/fonts/type1/public/amsfonts/cm/cmtt8.pf
b></usr/local/texlive/2015/texmf-dist/fonts/type1/public/amsfonts/cm/cmtt9.pfb>
</usr/local/texlive/2015/texmf-dist/fonts/type1/public/lm/lmex10.pfb></usr/loca
l/texlive/2015/texmf-dist/fonts/type1/public/lm/lmmi10.pfb></usr/local/texlive/
2015/texmf-dist/fonts/type1/public/lm/lmmi12.pfb></usr/local/texlive/2015/texmf
-dist/fonts/type1/public/lm/lmmi6.pfb></usr/local/texlive/2015/texmf-dist/fonts
/type1/public/lm/lmmi7.pfb></usr/local/texlive/2015/texmf-dist/fonts/type1/publ
ic/lm/lmmi8.pfb></usr/local/texlive/2015/texmf-dist/fonts/type1/public/lm/lmmi9
.pfb></usr/local/texlive/2015/texmf-dist/fonts/type1/public/lm/lmr10.pfb></usr/
local/texlive/2015/texmf-dist/fonts/type1/public/lm/lmr12.pfb></usr/local/texli
ve/2015/texmf-dist/fonts/type1/public/lm/lmr5.pfb></usr/local/texlive/2015/texm
f-dist/fonts/type1/public/lm/lmr6.pfb></usr/local/texlive/2015/texmf-dist/fonts
/type1/public/lm/lmr8.pfb></usr/local/texlive/2015/texmf-dist/fonts/type1/publi
c/lm/lmr9.pfb></usr/local/texlive/2015/texmf-dist/fonts/type1/public/lm/lmsy10.
pfb></usr/local/texlive/2015/texmf-dist/fonts/type1/public/lm/lmsy7.pfb></usr/l
ocal/texlive/2015/texmf-dist/fonts/type1/public/lm/lmsy8.pfb></usr/local/texliv
e/2015/texmf-dist/fonts/type1/public/lm/lmsy9.pfb></usr/local/texlive/2015/texm
f-dist/fonts/type1/urw/helvetic/uhvr8a.pfb>
Output written on bbr.pdf (66 pages, 1313511 bytes).
PDF statistics:
 1426 PDF objects out of 1440 (max. 8388607)
 1253 compressed objects within 13 object streams
 507 named destinations out of 1000 (max. 500000)
 349 words of extra memory for PDF output out of 10000 (max. 10000000)

